[2025-04-10 21:41:23.710] [info] [15267] Software Version: 1.0.0
[2025-04-10 21:41:23.710] [info] [15267] Build Date and Time: Apr 10 2025 21:40:07
[2025-04-10 21:41:23.710] [info] [15267] Server starting...
[2025-04-10 21:41:23.711] [info] [15269] 中控室主控箱和船端控制箱连接状态正常 signal 1  open
[2025-04-10 21:41:23.712] [info] [15270] mqtt 连接
[2025-04-10 21:41:23.713] [info] [15270] mqtt 连接建立
[2025-04-10 21:43:47.757] [error] [15269] 中控室主控箱和船端控制箱连接状态异常 signal 1  closed
[2025-04-10 21:47:17.710] [info] [15888] Software Version: 1.0.0
[2025-04-10 21:47:17.710] [info] [15888] Build Date and Time: Apr 10 2025 21:46:20
[2025-04-10 21:47:17.710] [info] [15888] Server starting...
[2025-04-10 21:47:17.712] [info] [15891] mqtt 连接
[2025-04-10 21:47:17.713] [info] [15891] mqtt 连接建立
[2025-04-10 21:55:42.877] [info] [15890] 中控室主控箱和船端控制箱连接状态正常 signal 1  open
[2025-04-10 21:57:41.547] [info] [15891] 订阅: 10 stopRecord
[2025-04-10 21:57:41.547] [info] [15891] 荷载: 31 {"cdate":"2025-04-10 21:57:41"}
[2025-04-10 21:57:41.547] [info] [15891] 云卓遥控急停: {"cdate":"2025-04-10 21:57:41"}
[2025-04-10 21:57:41.916] [info] [15890] 中控室主控箱急停按下 signal 2  open
[2025-04-10 21:57:41.939] [info] [15890] 请求成功，返回值:{"msg":"操作成功","code":0}
[2025-04-10 21:58:11.548] [info] [16556] 报警完成 6 
[2025-04-10 21:58:11.949] [error] [15890] 中控室主控箱急停关闭 signal 2  closed
[2025-04-10 21:58:25.953] [info] [15890] 巡检遥控器按下急停按下 signal 3  open
[2025-04-10 21:58:29.955] [error] [15890] 巡检遥控器按下急停关闭 signal 3  closed
[2025-04-10 21:58:31.955] [info] [15890] 中控室主控箱急停按下 signal 2  open
[2025-04-10 21:58:31.983] [info] [15890] 请求成功，返回值:{"msg":"操作成功","code":0}
[2025-04-10 21:58:59.992] [error] [15890] 中控室主控箱急停关闭 signal 2  closed
[2025-04-10 21:59:09.996] [info] [15890] 中控室主控箱急停按下 signal 2  open
[2025-04-10 21:59:10.022] [info] [15890] 请求成功，返回值:{"msg":"操作成功","code":0}
[2025-04-10 21:59:24.027] [error] [15890] 中控室主控箱急停关闭 signal 2  closed
[2025-04-10 22:01:40.601] [info] [15891] 订阅: 10 warnRecord
[2025-04-10 22:01:40.601] [info] [15891] 荷载: 165 {"cdate":"2025-04-10 22:01:40","shipId":1037,"warnType":0,"armNum":1,"warnNum":72.0,"warnDetail":"18Z1温度过高：72.0°c, 2025-04-10 22:01:40维多利亚2 船 "}
[2025-04-10 22:01:40.602] [info] [15891] 系统警告记录: {"armNum":1,"cdate":"2025-04-10 22:01:40","shipId":1037,"warnDetail":"18Z1温度过高：72.0°c, 2025-04-10 22:01:40维多利亚2 船 ","warnNum":72.0,"warnType":0}
[2025-04-10 22:01:41.072] [info] [15890] 巡检遥控器按下急停按下 signal 3  open
[2025-04-10 22:02:00.602] [info] [17147] 报警完成 12 
[2025-04-10 22:02:01.079] [error] [15890] 巡检遥控器按下急停关闭 signal 3  closed
[2025-04-10 22:02:36.564] [info] [15891] 订阅: 10 warnRecord
[2025-04-10 22:02:36.564] [info] [15891] 荷载: 165 {"cdate":"2025-04-10 22:02:36","shipId":1037,"warnType":0,"armNum":1,"warnNum":72.0,"warnDetail":"18Z1温度过高：72.0°c, 2025-04-10 22:02:36维多利亚2 船 "}
[2025-04-10 22:02:36.564] [info] [15891] 系统警告记录: {"armNum":1,"cdate":"2025-04-10 22:02:36","shipId":1037,"warnDetail":"18Z1温度过高：72.0°c, 2025-04-10 22:02:36维多利亚2 船 ","warnNum":72.0,"warnType":0}
[2025-04-10 22:02:37.091] [info] [15890] 巡检遥控器按下急停按下 signal 3  open
[2025-04-10 22:02:47.212] [info] [17167] Software Version: 1.0.0
[2025-04-10 22:02:47.212] [info] [17167] Build Date and Time: Apr 10 2025 21:46:20
[2025-04-10 22:02:47.212] [info] [17167] Server starting...
[2025-04-10 22:02:47.212] [info] [17169] 中控室主控箱和船端控制箱连接状态正常 signal 1  open
[2025-04-10 22:02:47.213] [info] [17170] mqtt 连接
[2025-04-10 22:02:47.215] [info] [17170] mqtt 连接建立
[2025-04-10 22:02:51.950] [info] [17170] 订阅: 10 stopRecord
[2025-04-10 22:02:51.951] [info] [17170] 荷载: 31 {"cdate":"2025-04-10 22:02:51"}
[2025-04-10 22:02:51.951] [info] [17170] 云卓遥控急停: {"cdate":"2025-04-10 22:02:51"}
[2025-04-10 22:02:52.214] [info] [17169] 中控室主控箱急停按下 signal 2  open
[2025-04-10 22:02:52.242] [info] [17169] 请求成功，返回值:{"msg":"操作成功","code":0}
[2025-04-10 22:02:55.616] [info] [17170] 订阅: 10 warnRecord
[2025-04-10 22:02:55.616] [info] [17170] 荷载: 165 {"cdate":"2025-04-10 22:02:55","shipId":1037,"warnType":0,"armNum":1,"warnNum":72.0,"warnDetail":"18Z1温度过高：72.0°c, 2025-04-10 22:02:55维多利亚2 船 "}
[2025-04-10 22:02:55.617] [info] [17170] 系统警告记录: {"armNum":1,"cdate":"2025-04-10 22:02:55","shipId":1037,"warnDetail":"18Z1温度过高：72.0°c, 2025-04-10 22:02:55维多利亚2 船 ","warnNum":72.0,"warnType":0}
[2025-04-10 22:02:55.741] [info] [17170] 订阅: 10 stopRecord
[2025-04-10 22:02:55.742] [info] [17170] 荷载: 31 {"cdate":"2025-04-10 22:02:55"}
[2025-04-10 22:02:55.742] [info] [17173] 设置GPIO输出模式失败
[2025-04-10 22:02:55.742] [info] [17173] 设置GPIO输出模式失败
[2025-04-10 22:02:55.742] [info] [17170] 云卓遥控急停: {"cdate":"2025-04-10 22:02:55"}
[2025-04-10 22:02:56.244] [info] [17169] 巡检遥控器按下急停按下 signal 3  open
[2025-04-10 22:03:15.617] [info] [17172] 报警完成 12 
[2025-04-10 22:03:16.250] [error] [17169] 巡检遥控器按下急停关闭 signal 3  closed
[2025-04-10 22:03:21.952] [info] [17171] 报警完成 6 
[2025-04-10 22:03:22.252] [error] [17169] 中控室主控箱急停关闭 signal 2  closed
[2025-04-10 22:04:45.211] [info] [17212] Software Version: 1.0.0
[2025-04-10 22:04:45.211] [info] [17212] Build Date and Time: Apr 10 2025 22:03:30
[2025-04-10 22:04:45.211] [info] [17212] Server starting...
[2025-04-10 22:04:45.211] [info] [17214] 中控室主控箱和船端控制箱连接状态正常 signal 1  open
[2025-04-10 22:04:45.212] [info] [17215] mqtt 连接
[2025-04-10 22:04:45.214] [info] [17215] mqtt 连接建立
